{
  "stats": {
    "suites": 1,
    "tests": 1,
    "passes": 0,
    "pending": 0,
    "failures": 1,
    "start": "2025-09-02T09:40:51.477Z",
    "end": "2025-09-02T09:40:55.766Z",
    "duration": 4289,
    "testsRegistered": 1,
    "passPercent": 0,
    "pendingPercent": 0,
    "other": 0,
    "hasOther": false,
    "skipped": 0,
    "hasSkipped": false
  },
  "results": [
    {
      "uuid": "083e5bf3-014a-4cc6-bbcf-bffeb13e7c76",
      "title": "",
      "fullFile": "cypress/e2e/test-spec.cy.ts",
      "file": "cypress/e2e/test-spec.cy.ts",
      "beforeHooks": [],
      "afterHooks": [],
      "tests": [],
      "suites": [
        {
          "uuid": "30fafd2e-bb7f-44eb-8ff3-6ae972d5cd45",
          "title": "Simple e2e test for template repository",
          "fullFile": "",
          "file": "",
          "beforeHooks": [],
          "afterHooks": [],
          "tests": [
            {
              "title": "should display Hello World from the backend",
              "fullTitle": "Simple e2e test for template repository should display Hello World from the backend",
              "timedOut": null,
              "duration": 4276,
              "state": "failed",
              "speed": null,
              "pass": false,
              "fail": true,
              "pending": false,
              "context": null,
              "code": "cy.visit('');\ncy.get('[data-test=\"backend-response\"]').should('have.text', 'Hello World!');",
              "err": {
                "message": "AssertionError: Timed out retrying after 4000ms: expected '<h1>' to have text 'Hello World!', but the text was 'Something went wrong'",
                "estack": "AssertionError: Timed out retrying after 4000ms: expected '<h1>' to have text 'Hello World!', but the text was 'Something went wrong'\n    at Context.eval (webpack://ff-frontend-template/./cypress/e2e/test-spec.cy.ts:4:45)",
                "diff": "- 'Something went wrong'\n+ 'Hello World!'\n"
              },
              "uuid": "e251a2d8-fbfb-4045-97ed-0eb75d20873b",
              "parentUUID": "30fafd2e-bb7f-44eb-8ff3-6ae972d5cd45",
              "isHook": false,
              "skipped": false
            }
          ],
          "suites": [],
          "passes": [],
          "failures": [
            "e251a2d8-fbfb-4045-97ed-0eb75d20873b"
          ],
          "pending": [],
          "skipped": [],
          "duration": 4276,
          "root": false,
          "rootEmpty": false,
          "_timeout": 2000
        }
      ],
      "passes": [],
      "failures": [],
      "pending": [],
      "skipped": [],
      "duration": 0,
      "root": true,
      "rootEmpty": true,
      "_timeout": 2000
    }
  ],
  "meta": {
    "mocha": {
      "version": "7.2.0"
    },
    "mochawesome": {
      "options": {
        "quiet": false,
        "reportFilename": "mochawesome",
        "saveHtml": false,
        "saveJson": true,
        "consoleReporter": "spec",
        "useInlineDiffs": false,
        "code": true
      },
      "version": "7.1.3"
    },
    "marge": {
      "options": {
        "id": "default",
        "reportDir": "cypress/reports/mochawesome",
        "overwrite": false,
        "html": false,
        "json": true
      },
      "version": "6.2.0"
    }
  }
}